# JRE version: OpenJDK Runtime Environment (8.0_322-b06) (build 1.8.0_322-b06)
# Java VM: OpenJDK 64-Bit Server VM (25.322-b06 mixed mode windows-amd64 compressed oops)
Heap:
 PSYoungGen      total 304640K, used 181532K [0x000000066c600000, 0x0000000688600000, 0x00000007c0000000)
  eden space 261120K, 69% used [0x000000066c600000,0x00000006777473d8,0x000000067c500000)
  from space 43520K, 0% used [0x000000067ef80000,0x000000067ef80000,0x0000000681a00000)
  to   space 43520K, 0% used [0x000000067c500000,0x000000067c500000,0x000000067ef80000)
 ParOldGen       total 803328K, used 24634K [0x00000003c5200000, 0x00000003f6280000, 0x000000066c600000)
  object space 803328K, 3% used [0x00000003c5200000,0x00000003c6a0ea98,0x00000003f6280000)
 Metaspace       used 40049K, capacity 42680K, committed 42800K, reserved 1085440K
  class space    used 5342K, capacity 5819K, committed 5936K, reserved 1048576K
GC Heap History (8 events):
Event: 2.259 GC heap before
{Heap before GC invocations=1 (full 0):
 PSYoungGen      total 304640K, used 151511K [0x000000066c600000, 0x0000000681a00000, 0x00000007c0000000)
  eden space 261120K, 58% used [0x000000066c600000,0x00000006759f5f98,0x000000067c500000)
  from space 43520K, 0% used [0x000000067ef80000,0x000000067ef80000,0x0000000681a00000)
  to   space 43520K, 0% used [0x000000067c500000,0x000000067c500000,0x000000067ef80000)
 ParOldGen       total 696320K, used 0K [0x00000003c5200000, 0x00000003efa00000, 0x000000066c600000)
  object space 696320K, 0% used [0x00000003c5200000,0x00000003c5200000,0x00000003efa00000)
 Metaspace       used 20276K, capacity 21214K, committed 21296K, reserved 1067008K
  class space    used 2629K, capacity 2837K, committed 2864K, reserved 1048576K
Event: 2.267 GC heap after
Heap after GC invocations=1 (full 0):
 PSYoungGen      total 304640K, used 14562K [0x000000066c600000, 0x0000000681a00000, 0x00000007c0000000)
  eden space 261120K, 0% used [0x000000066c600000,0x000000066c600000,0x000000067c500000)
  from space 43520K, 33% used [0x000000067c500000,0x000000067d3389b0,0x000000067ef80000)
  to   space 43520K, 0% used [0x000000067ef80000,0x000000067ef80000,0x0000000681a00000)
 ParOldGen       total 696320K, used 24K [0x00000003c5200000, 0x00000003efa00000, 0x000000066c600000)
  object space 696320K, 0% used [0x00000003c5200000,0x00000003c5206000,0x00000003efa00000)
 Metaspace       used 20276K, capacity 21214K, committed 21296K, reserved 1067008K
  class space    used 2629K, capacity 2837K, committed 2864K, reserved 1048576K
}
Event: 2.267 GC heap before
{Heap before GC invocations=2 (full 1):
 PSYoungGen      total 304640K, used 14562K [0x000000066c600000, 0x0000000681a00000, 0x00000007c0000000)
  eden space 261120K, 0% used [0x000000066c600000,0x000000066c600000,0x000000067c500000)
  from space 43520K, 33% used [0x000000067c500000,0x000000067d3389b0,0x000000067ef80000)
  to   space 43520K, 0% used [0x000000067ef80000,0x000000067ef80000,0x0000000681a00000)
 ParOldGen       total 696320K, used 24K [0x00000003c5200000, 0x00000003efa00000, 0x000000066c600000)
  object space 696320K, 0% used [0x00000003c5200000,0x00000003c5206000,0x00000003efa00000)
 Metaspace       used 20276K, capacity 21214K, committed 21296K, reserved 1067008K
  class space    used 2629K, capacity 2837K, committed 2864K, reserved 1048576K
Event: 2.288 GC heap after
Heap after GC invocations=2 (full 1):
 PSYoungGen      total 304640K, used 0K [0x000000066c600000, 0x0000000681a00000, 0x00000007c0000000)
  eden space 261120K, 0% used [0x000000066c600000,0x000000066c600000,0x000000067c500000)
  from space 43520K, 0% used [0x000000067c500000,0x000000067c500000,0x000000067ef80000)
  to   space 43520K, 0% used [0x000000067ef80000,0x000000067ef80000,0x0000000681a00000)
 ParOldGen       total 459776K, used 13883K [0x00000003c5200000, 0x00000003e1300000, 0x000000066c600000)
  object space 459776K, 3% used [0x00000003c5200000,0x00000003c5f8ec98,0x00000003e1300000)
 Metaspace       used 20276K, capacity 21214K, committed 21296K, reserved 1067008K
  class space    used 2629K, capacity 2837K, committed 2864K, reserved 1048576K
}
Event: 3.590 GC heap before
{Heap before GC invocations=3 (full 1):
 PSYoungGen      total 304640K, used 204071K [0x000000066c600000, 0x0000000681a00000, 0x00000007c0000000)
  eden space 261120K, 78% used [0x000000066c600000,0x0000000678d49da0,0x000000067c500000)
  from space 43520K, 0% used [0x000000067c500000,0x000000067c500000,0x000000067ef80000)
  to   space 43520K, 0% used [0x000000067ef80000,0x000000067ef80000,0x0000000681a00000)
 ParOldGen       total 459776K, used 13883K [0x00000003c5200000, 0x00000003e1300000, 0x000000066c600000)
  object space 459776K, 3% used [0x00000003c5200000,0x00000003c5f8ec98,0x00000003e1300000)
 Metaspace       used 32992K, capacity 35430K, committed 35496K, reserved 1079296K
  class space    used 4417K, capacity 4846K, committed 4912K, reserved 1048576K
Event: 3.602 GC heap after
Heap after GC invocations=3 (full 1):
 PSYoungGen      total 304640K, used 20268K [0x000000066c600000, 0x0000000688600000, 0x00000007c0000000)
  eden space 261120K, 0% used [0x000000066c600000,0x000000066c600000,0x000000067c500000)
  from space 43520K, 46% used [0x000000067ef80000,0x000000068034b2e0,0x0000000681a00000)
  to   space 43520K, 0% used [0x000000067c500000,0x000000067c500000,0x000000067ef80000)
 ParOldGen       total 459776K, used 13891K [0x00000003c5200000, 0x00000003e1300000, 0x000000066c600000)
  object space 459776K, 3% used [0x00000003c5200000,0x00000003c5f90c98,0x00000003e1300000)
 Metaspace       used 32992K, capacity 35430K, committed 35496K, reserved 1079296K
  class space    used 4417K, capacity 4846K, committed 4912K, reserved 1048576K
}
Event: 3.602 GC heap before
{Heap before GC invocations=4 (full 2):
 PSYoungGen      total 304640K, used 20268K [0x000000066c600000, 0x0000000688600000, 0x00000007c0000000)
  eden space 261120K, 0% used [0x000000066c600000,0x000000066c600000,0x000000067c500000)
  from space 43520K, 46% used [0x000000067ef80000,0x000000068034b2e0,0x0000000681a00000)
  to   space 43520K, 0% used [0x000000067c500000,0x000000067c500000,0x000000067ef80000)
 ParOldGen       total 459776K, used 13891K [0x00000003c5200000, 0x00000003e1300000, 0x000000066c600000)
  object space 459776K, 3% used [0x00000003c5200000,0x00000003c5f90c98,0x00000003e1300000)
 Metaspace       used 32992K, capacity 35430K, committed 35496K, reserved 1079296K
  class space    used 4417K, capacity 4846K, committed 4912K, reserved 1048576K
Event: 3.642 GC heap after
Heap after GC invocations=4 (full 2):
 PSYoungGen      total 304640K, used 0K [0x000000066c600000, 0x0000000688600000, 0x00000007c0000000)
  eden space 261120K, 0% used [0x000000066c600000,0x000000066c600000,0x000000067c500000)
  from space 43520K, 0% used [0x000000067ef80000,0x000000067ef80000,0x0000000681a00000)
  to   space 43520K, 0% used [0x000000067c500000,0x000000067c500000,0x000000067ef80000)
 ParOldGen       total 803328K, used 24634K [0x00000003c5200000, 0x00000003f6280000, 0x000000066c600000)
  object space 803328K, 3% used [0x00000003c5200000,0x00000003c6a0ea98,0x00000003f6280000)
 Metaspace       used 32992K, capacity 35430K, committed 35496K, reserved 1079296K
  class space    used 4417K, capacity 4846K, committed 4912K, reserved 1048576K
}

